yarn run v1.22.10
$ yarn create-storybook-public && yarn watch-css & start-storybook -p 6006 -s storybook_public
$ rm -rf ./storybook_public && cp -R ./public ./storybook_public && cp mockServiceWorker.js ./storybook_public
$ yarn compile-scss && sass --load-path=./node_modules/uswds/dist/scss --style=compressed --no-source-map -w src/scss/App.scss:src/styles/App.css
$ sass --load-path=./node_modules/uswds/dist/scss --style=compressed --no-source-map src/scss/App.scss:src/styles/App.css
Sass is watching for changes. Press Ctrl-C to stop.


webpack built preview 4e036ef7121d9719e145 in 39692ms
╭───────────────────────────────────────────────────╮
│                                                   │
│   Storybook 6.3.7 started                         │
│   42 s for preview                                │
│                                                   │
│    Local:            http://localhost:6006/       │
│    On your network:  http://192.168.1.64:6006/    │
│                                                   │
│   A new version (6.3.10) is available!            │
│                                                   │
│   Upgrade now: npx sb@latest upgrade              │
│                                                   │
│   Read full changelog: https://git.io/fhFYe       │
│                                                   │
╰───────────────────────────────────────────────────╯
webpack building...
webpack built preview 2afacfae18e7b8e5e48e in 716ms
webpack building...
webpack built preview e1ab10c981f3693d3bf7 in 8693ms
webpack building...
webpack built preview 3d558befb44db94d7b75 in 3558ms
webpack building...
webpack built preview e0f498fab4817d2770e0 in 2954ms
webpack building...
webpack built preview 831207c0244449f3808d in 3473ms
webpack building...
webpack built preview 5f1579b627063c3a8bdb in 2909ms
webpack building...
webpack built preview 5f1579b627063c3a8bdb in 2477ms
webpack building...
webpack built preview 5f1579b627063c3a8bdb in 1062ms
webpack building...
webpack built preview 09dab35779f5486770ab in 3194ms
