> Task :bootBuildInfo

> Task :compileJava
Note: Hibernate JPA 2 Static-Metamodel Generator 5.4.25.Final
Note: Some input files use or override a deprecated API.
Note: Recompile with -Xlint:deprecation for details.

> Task :generateGitProperties UP-TO-DATE
> Task :processResources UP-TO-DATE
> Task :classes
> Task :bootRunMainClassName

> Task :bootRun
2021-09-03 13:16:53.547  INFO 25112 --- [  restartedMain] [Query: ] g.c.u.s.SimpleReportApplication          : Starting SimpleReportApplication using Java 15.0.2 on dino with PID 25112 (/Users/adam/code/prime-simplereport/backend/build/classes/java/main started by adam in /Users/adam/code/prime-simplereport/backend)
2021-09-03 13:16:53.549  INFO 25112 --- [  restartedMain] [Query: ] g.c.u.s.SimpleReportApplication          : The following profiles are active: dev,no-security,no-okta-mgmt,server-debug,create-sample-data,local,no-okta-auth
2021-09-03 13:17:00.002 ERROR 25112 --- [  restartedMain] [Query: ] o.h.metamodel.internal.MetadataContext   : HHH015007: Illegal argument on static metamodel field injection : gov.cdc.usds.simplereport.db.model.Person_#tribalAffiliation; expected type :  org.hibernate.metamodel.model.domain.internal.SingularAttributeImpl; encountered type : javax.persistence.metamodel.ListAttribute
2021-09-03 13:17:00.003 ERROR 25112 --- [  restartedMain] [Query: ] o.h.metamodel.internal.MetadataContext   : HHH015007: Illegal argument on static metamodel field injection : gov.cdc.usds.simplereport.db.model.ApiAuditEvent_#userPermissions; expected type :  org.hibernate.metamodel.model.domain.internal.SingularAttributeImpl; encountered type : javax.persistence.metamodel.ListAttribute
2021-09-03 13:17:00.004 ERROR 25112 --- [  restartedMain] [Query: ] o.h.metamodel.internal.MetadataContext   : HHH015007: Illegal argument on static metamodel field injection : gov.cdc.usds.simplereport.db.model.ApiAuditEvent_#graphqlErrorPaths; expected type :  org.hibernate.metamodel.model.domain.internal.SingularAttributeImpl; encountered type : javax.persistence.metamodel.ListAttribute
2021-09-03 13:17:00.006 ERROR 25112 --- [  restartedMain] [Query: ] o.h.metamodel.internal.MetadataContext   : HHH015007: Illegal argument on static metamodel field injection : gov.cdc.usds.simplereport.db.model.auxiliary.StreetAddress_#street; expected type :  org.hibernate.metamodel.model.domain.internal.SingularAttributeImpl; encountered type : javax.persistence.metamodel.ListAttribute
2021-09-03 13:17:00.902 DEBUG 25112 --- [  restartedMain] [Query: ] g.c.u.s.service.sms.SmsService           : SmsService will send from +12023014570
2021-09-03 13:17:01.867  WARN 25112 --- [  restartedMain] [Query: ] g.kickstart.tools.SchemaClassScanner     : Schema type was defined but can never be accessed, and can be safely deleted: ResultValue
2021-09-03 13:17:01.867  WARN 25112 --- [  restartedMain] [Query: ] g.kickstart.tools.SchemaClassScanner     : Schema type was defined but can never be accessed, and can be safely deleted: TestCorrectionStatus
2021-09-03 13:17:02.512  INFO 25112 --- [  restartedMain] [Query: ] g.c.u.s.a.a.AccountRequestController     : Account request REST endpoint enabled
2021-09-03 13:17:02.519  INFO 25112 --- [  restartedMain] [Query: ] c.u.s.a.a.IdentityVerificationController : Identity verification REST endpoint enabled.
2021-09-03 13:17:02.531  INFO 25112 --- [  restartedMain] [Query: ] .c.u.s.a.a.UserAccountCreationController : User account request creation REST endpoint enabled.
2021-09-03 13:17:02.548  INFO 25112 --- [  restartedMain] [Query: ] g.c.u.s.a.p.PatientExperienceController  : Patient Experience REST endpoints enabled
2021-09-03 13:17:02.713  INFO 25112 --- [  restartedMain] [Query: ] g.c.u.s.service.DataHubUploaderService   : Datahub scheduling uploader enable state: false
2021-09-03 13:17:02.713  WARN 25112 --- [  restartedMain] [Query: ] g.c.u.s.service.DataHubUploaderService   : DataHub API key is not configured.
2021-09-03 13:17:02.713  WARN 25112 --- [  restartedMain] [Query: ] g.c.u.s.service.DataHubUploaderService   : DataHub Slack webhook URL is not configured.
2021-09-03 13:17:02.891  WARN 25112 --- [  restartedMain] [Query: ] g.c.u.s.config.DevSecurityConfiguration  : CORS ENABLED BY no-security PROFILE
2021-09-03 13:17:03.024  WARN 25112 --- [  restartedMain] [Query: ] c.o.c.h.h.HttpClientRequestExecutor      : Failed to parse configuration property [maxConnectionsPerRoute]
2021-09-03 13:17:03.024  WARN 25112 --- [  restartedMain] [Query: ] c.o.c.h.h.HttpClientRequestExecutor      : Failed to parse system property [com.okta.sdk.impl.http.httpclient.HttpClientRequestExecutor.connPoolControl.maxPerRoute]
2021-09-03 13:17:03.024  WARN 25112 --- [  restartedMain] [Query: ] c.o.c.h.h.HttpClientRequestExecutor      : Failed to parse configuration property [maxConnectionsTotal]
2021-09-03 13:17:03.025  WARN 25112 --- [  restartedMain] [Query: ] c.o.c.h.h.HttpClientRequestExecutor      : Failed to parse system property [com.okta.sdk.impl.http.httpclient.HttpClientRequestExecutor.connPoolControl.maxTotal]
2021-09-03 13:17:03.025  WARN 25112 --- [  restartedMain] [Query: ] c.o.c.h.h.HttpClientRequestExecutor      : Failed to parse configuration property [validateAfterInactivity]
2021-09-03 13:17:03.025  WARN 25112 --- [  restartedMain] [Query: ] c.o.c.h.h.HttpClientRequestExecutor      : Failed to parse system property [com.okta.sdk.impl.http.httpclient.HttpClientRequestExecutor.connPoolControl.validateAfterInactivity]
2021-09-03 13:17:03.025  WARN 25112 --- [  restartedMain] [Query: ] c.o.c.h.h.HttpClientRequestExecutor      : Failed to parse configuration property [connectionTimeToLive]
2021-09-03 13:17:03.025  WARN 25112 --- [  restartedMain] [Query: ] c.o.c.h.h.HttpClientRequestExecutor      : Failed to parse system property [com.okta.sdk.impl.http.httpclient.HttpClientRequestExecutor.connPoolControl.timeToLive]
2021-09-03 13:17:03.027  WARN 25112 --- [  restartedMain] [Query: ] c.o.c.h.h.HttpClientRequestExecutor      : Failed to read configuration property [connectionTimeToLive: Invalid connection time to live value]. Falling back to default value: 300000
2021-09-03 13:17:03.050  WARN 25112 --- [  restartedMain] [Query: ] c.o.c.h.h.HttpClientRequestExecutor      : Failed to read configuration property [validateAfterInactivity: Invalid max connection inactivity validation value]. Falling back to default value: 2000
2021-09-03 13:17:03.050  WARN 25112 --- [  restartedMain] [Query: ] c.o.c.h.h.HttpClientRequestExecutor      : Failed to read configuration property [maxConnectionsTotal: Bad max connection total value]. Falling back to default value: 2147483647
2021-09-03 13:17:03.050  WARN 25112 --- [  restartedMain] [Query: ] c.o.c.h.h.HttpClientRequestExecutor      : Failed to read configuration property [maxConnectionsPerRoute: Bad max connection per route value]. Falling back to default value: 1073741823
2021-09-03 13:17:03.050  WARN 25112 --- [  restartedMain] [Query: ] c.o.c.h.h.HttpClientRequestExecutor      : Failed to read configuration property [maxConnectionsPerRoute: Bad max connection per route value]. Falling back to default value: 1073741823
2021-09-03 13:17:03.050  WARN 25112 --- [  restartedMain] [Query: ] c.o.c.h.h.HttpClientRequestExecutor      : Failed to read configuration property [maxConnectionsTotal: Bad max connection total value]. Falling back to default value: 2147483647
2021-09-03 13:17:03.387  WARN 25112 --- [  restartedMain] [Query: ] g.c.u.s.config.DevSecurityConfiguration  : SECURITY DISABLED BY no-security PROFILE
2021-09-03 13:17:03.571  INFO 25112 --- [  restartedMain] [Query: ] g.c.u.s.SimpleReportApplication          : Started SimpleReportApplication in 10.962 seconds (JVM running for 11.404)
2021-09-03 13:17:03.618  WARN 25112 --- [  restartedMain] [Query: ] .u.s.c.a.DemoAuthenticationConfiguration : No authentication found: current user will be default (if available)
2021-09-03 13:17:03.652 DEBUG 25112 --- [  restartedMain] [Query: ] g.c.u.s.service.ApiUserService           : User has logged in before: retrieving user record.
2021-09-03 13:17:03.684 DEBUG 25112 --- [  restartedMain] [Query: ] .c.u.s.s.OrganizationInitializingService : Organization init called (again?)
2021-09-03 13:17:03.690  WARN 25112 --- [  restartedMain] [Query: ] .u.s.c.a.DemoAuthenticationConfiguration : No authentication found: current user will be default (if available)
2021-09-03 13:17:03.694 DEBUG 25112 --- [  restartedMain] [Query: ] g.c.u.s.service.ApiUserService           : User has logged in before: retrieving user record.
2021-09-03 13:17:03.833  INFO 25112 --- [  restartedMain] [Query: ] .c.u.s.s.OrganizationInitializingService : Creating organization Dat Organization in Okta
2021-09-03 13:17:03.833  INFO 25112 --- [  restartedMain] [Query: ] .c.u.s.s.OrganizationInitializingService : Creating organization Dis Organization in Okta
2021-09-03 13:17:03.879  INFO 25112 --- [  restartedMain] [Query: ] .c.u.s.s.OrganizationInitializingService : Creating facilities [Uptown Clinic, Testing Site, Downtown Clinic] with 2 devices configured
2021-09-03 13:17:03.890  INFO 25112 --- [  restartedMain] [Query: ] .c.u.s.s.OrganizationInitializingService : Creating facility=Testing Site in Okta
2021-09-03 13:17:03.891  INFO 25112 --- [  restartedMain] [Query: ] .c.u.s.s.OrganizationInitializingService : Creating facility=Uptown Clinic in Okta
2021-09-03 13:17:03.891  INFO 25112 --- [  restartedMain] [Query: ] .c.u.s.s.OrganizationInitializingService : Creating facility=Downtown Clinic in Okta
2021-09-03 13:17:03.921  INFO 25112 --- [  restartedMain] [Query: ] .c.u.s.s.OrganizationInitializingService : User=bob@example.com will have roles=[ADMIN] in organization=DIS_ORG
2021-09-03 13:17:03.921  INFO 25112 --- [  restartedMain] [Query: ] .c.u.s.s.OrganizationInitializingService : User=bob@example.com will have access to all facilities in organization=DIS_ORG
2021-09-03 13:17:03.921  INFO 25112 --- [  restartedMain] [Query: ] .c.u.s.s.OrganizationInitializingService : Creating user bob@example.com in Okta
2021-09-03 13:17:03.928  INFO 25112 --- [  restartedMain] [Query: ] .c.u.s.s.OrganizationInitializingService : User=ruby@example.com will have roles=[USER] in organization=DIS_ORG
2021-09-03 13:17:03.928  INFO 25112 --- [  restartedMain] [Query: ] .c.u.s.s.OrganizationInitializingService : User=ruby@example.com will have access to facilities=[Testing Site] in organization=DIS_ORG
2021-09-03 13:17:03.928  INFO 25112 --- [  restartedMain] [Query: ] .c.u.s.s.OrganizationInitializingService : Creating user ruby@example.com in Okta
2021-09-03 13:17:03.935  INFO 25112 --- [  restartedMain] [Query: ] .c.u.s.s.OrganizationInitializingService : User=ben@example.com will have roles=[] in organization=DIS_ORG
2021-09-03 13:17:03.935  INFO 25112 --- [  restartedMain] [Query: ] .c.u.s.s.OrganizationInitializingService : User=ben@example.com will have access to facilities=[Testing Site] in organization=DIS_ORG
2021-09-03 13:17:03.935  INFO 25112 --- [  restartedMain] [Query: ] .c.u.s.s.OrganizationInitializingService : Creating user ben@example.com in Okta
2021-09-03 13:17:03.943  INFO 25112 --- [  restartedMain] [Query: ] .c.u.s.s.OrganizationInitializingService : User=jamar@example.com will have roles=[ENTRY_ONLY, ALL_FACILITIES] in organization=DIS_ORG
2021-09-03 13:17:03.943  INFO 25112 --- [  restartedMain] [Query: ] .c.u.s.s.OrganizationInitializingService : User=jamar@example.com will have access to all facilities in organization=DIS_ORG
2021-09-03 13:17:03.943  INFO 25112 --- [  restartedMain] [Query: ] .c.u.s.s.OrganizationInitializingService : Creating user jamar@example.com in Okta
2021-09-03 13:17:03.950  INFO 25112 --- [  restartedMain] [Query: ] .c.u.s.s.OrganizationInitializingService : User=sarah@example.com will have roles=[ADMIN] in organization=DIS_ORG
2021-09-03 13:17:03.950  INFO 25112 --- [  restartedMain] [Query: ] .c.u.s.s.OrganizationInitializingService : User=sarah@example.com will have access to all facilities in organization=DIS_ORG
2021-09-03 13:17:03.951  INFO 25112 --- [  restartedMain] [Query: ] .c.u.s.s.OrganizationInitializingService : Creating user sarah@example.com in Okta
2021-09-03 13:17:11.756 DEBUG 25112 --- [nio-8080-exec-1] [Query: ] g.c.u.s.service.ApiUserService           : User has logged in before: retrieving user record.
2021-09-03 13:17:11.830 DEBUG 25112 --- [nio-8080-exec-1] [Query: ] g.c.u.s.service.ApiUserService           : Retrieving user from request context
2021-09-03 13:17:11.900 DEBUG 25112 --- [nio-8080-exec-1] [Query: ] g.c.u.s.service.ApiUserService           : Retrieving user from request context
2021-09-03 13:17:11.940 TRACE 25112 --- [nio-8080-exec-1] [Query: 3fafa057-af20-471f-a832-e3c129f9df36] g.c.u.s.l.QueryLoggingInstrumentation    : Done initializing graphql query logging.
2021-09-03 13:17:11.950  INFO 25112 --- [nio-8080-exec-1] [Query: 3fafa057-af20-471f-a832-e3c129f9df36] g.c.u.s.l.QueryLoggingInstrumentation    : Selecting fields: [whoami.firstName, whoami.organization.testingFacility.id, whoami.permissions, whoami.suffix, whoami.isAdmin, whoami.organization.name, whoami.organization.testingFacility.name, whoami.middleName, whoami.organization.testingFacility.__typename, whoami.__typename, whoami.lastName, whoami.roleDescription, whoami.organization.__typename, whoami.id, whoami.email]
2021-09-03 13:17:11.978 DEBUG 25112 --- [nio-8080-exec-1] [Query: 3fafa057-af20-471f-a832-e3c129f9df36] g.c.u.s.service.ApiUserService           : Retrieving user from request context
2021-09-03 13:17:12.043 TRACE 25112 --- [nio-8080-exec-1] [Query: 3fafa057-af20-471f-a832-e3c129f9df36] g.c.u.s.logging.GraphQLLoggingHelpers    : Entered logging instrumentation callback.
2021-09-03 13:17:12.044  INFO 25112 --- [nio-8080-exec-1] [Query: 3fafa057-af20-471f-a832-e3c129f9df36] g.c.u.s.logging.GraphQLLoggingHelpers    : GraphQL execution COMPLETED in 107ms
2021-09-03 13:17:12.262 DEBUG 25112 --- [nio-8080-exec-2] [Query: ] g.c.u.s.service.ApiUserService           : User has logged in before: retrieving user record.
2021-09-03 13:17:12.263 DEBUG 25112 --- [nio-8080-exec-3] [Query: ] g.c.u.s.service.ApiUserService           : User has logged in before: retrieving user record.
2021-09-03 13:17:12.280 DEBUG 25112 --- [nio-8080-exec-2] [Query: ] g.c.u.s.service.ApiUserService           : Retrieving user from request context
2021-09-03 13:17:12.284 DEBUG 25112 --- [nio-8080-exec-3] [Query: ] g.c.u.s.service.ApiUserService           : Retrieving user from request context
2021-09-03 13:17:12.349 DEBUG 25112 --- [nio-8080-exec-2] [Query: ] g.c.u.s.service.ApiUserService           : Retrieving user from request context
2021-09-03 13:17:12.350 TRACE 25112 --- [nio-8080-exec-2] [Query: 0230cc3b-1d97-4d69-a729-86ac3ee6b5c0] g.c.u.s.l.QueryLoggingInstrumentation    : Done initializing graphql query logging.
2021-09-03 13:17:12.352 DEBUG 25112 --- [nio-8080-exec-3] [Query: ] g.c.u.s.service.ApiUserService           : Retrieving user from request context
2021-09-03 13:17:12.353  INFO 25112 --- [nio-8080-exec-2] [Query: 0230cc3b-1d97-4d69-a729-86ac3ee6b5c0] g.c.u.s.l.QueryLoggingInstrumentation    : Selecting fields: [patients.internalId, patients.isDeleted, patients.lastTest.dateAdded, patients.lastTest.__typename, patients.__typename, patients.firstName, patients.role, patients.lastName, patients.middleName, patients.birthDate]
2021-09-03 13:17:12.353 TRACE 25112 --- [nio-8080-exec-3] [Query: d0a5f951-f401-4f42-a6b2-a6f5c307b3de] g.c.u.s.l.QueryLoggingInstrumentation    : Done initializing graphql query logging.
2021-09-03 13:17:12.354  INFO 25112 --- [nio-8080-exec-3] [Query: d0a5f951-f401-4f42-a6b2-a6f5c307b3de] g.c.u.s.l.QueryLoggingInstrumentation    : Selecting fields: [patientsCount]
2021-09-03 13:17:12.413 TRACE 25112 --- [nio-8080-exec-3] [Query: d0a5f951-f401-4f42-a6b2-a6f5c307b3de] g.c.u.s.logging.GraphQLLoggingHelpers    : Entered logging instrumentation callback.
2021-09-03 13:17:12.413  INFO 25112 --- [nio-8080-exec-3] [Query: d0a5f951-f401-4f42-a6b2-a6f5c307b3de] g.c.u.s.logging.GraphQLLoggingHelpers    : GraphQL execution COMPLETED in 60ms
2021-09-03 13:17:12.417 TRACE 25112 --- [nio-8080-exec-2] [Query: 0230cc3b-1d97-4d69-a729-86ac3ee6b5c0] g.c.u.s.logging.GraphQLLoggingHelpers    : Entered logging instrumentation callback.
2021-09-03 13:17:12.417  INFO 25112 --- [nio-8080-exec-2] [Query: 0230cc3b-1d97-4d69-a729-86ac3ee6b5c0] g.c.u.s.logging.GraphQLLoggingHelpers    : GraphQL execution COMPLETED in 67ms
2021-09-03 13:17:12.451 DEBUG 25112 --- [nio-8080-exec-4] [Query: ] g.c.u.s.service.ApiUserService           : User has logged in before: retrieving user record.
2021-09-03 13:17:12.459 DEBUG 25112 --- [nio-8080-exec-4] [Query: ] g.c.u.s.service.ApiUserService           : Retrieving user from request context
2021-09-03 13:17:12.500 DEBUG 25112 --- [nio-8080-exec-4] [Query: ] g.c.u.s.service.ApiUserService           : Retrieving user from request context
2021-09-03 13:17:12.501 TRACE 25112 --- [nio-8080-exec-4] [Query: 0f131620-dbad-4196-aeab-ec10ad92f25f] g.c.u.s.l.QueryLoggingInstrumentation    : Done initializing graphql query logging.
2021-09-03 13:17:12.502  INFO 25112 --- [nio-8080-exec-4] [Query: 0f131620-dbad-4196-aeab-ec10ad92f25f] g.c.u.s.l.QueryLoggingInstrumentation    : Selecting fields: [patients.internalId, patients.isDeleted, patients.lastTest.dateAdded, patients.lastTest.__typename, patients.__typename, patients.firstName, patients.role, patients.lastName, patients.middleName, patients.birthDate]
2021-09-03 13:17:12.523 TRACE 25112 --- [nio-8080-exec-4] [Query: 0f131620-dbad-4196-aeab-ec10ad92f25f] g.c.u.s.logging.GraphQLLoggingHelpers    : Entered logging instrumentation callback.
2021-09-03 13:17:12.523  INFO 25112 --- [nio-8080-exec-4] [Query: 0f131620-dbad-4196-aeab-ec10ad92f25f] g.c.u.s.logging.GraphQLLoggingHelpers    : GraphQL execution COMPLETED in 22ms
2021-09-03 13:17:20.386 DEBUG 25112 --- [nio-8080-exec-5] [Query: ] g.c.u.s.service.ApiUserService           : User has logged in before: retrieving user record.
2021-09-03 13:17:20.387 DEBUG 25112 --- [nio-8080-exec-6] [Query: ] g.c.u.s.service.ApiUserService           : User has logged in before: retrieving user record.
2021-09-03 13:17:20.398 DEBUG 25112 --- [nio-8080-exec-6] [Query: ] g.c.u.s.service.ApiUserService           : Retrieving user from request context
2021-09-03 13:17:20.400 DEBUG 25112 --- [nio-8080-exec-5] [Query: ] g.c.u.s.service.ApiUserService           : Retrieving user from request context
2021-09-03 13:17:20.434 DEBUG 25112 --- [nio-8080-exec-6] [Query: ] g.c.u.s.service.ApiUserService           : Retrieving user from request context
2021-09-03 13:17:20.436 TRACE 25112 --- [nio-8080-exec-6] [Query: 7c895b49-0571-4742-ba0a-c1e8a9a51eaf] g.c.u.s.l.QueryLoggingInstrumentation    : Done initializing graphql query logging.
2021-09-03 13:17:20.436  INFO 25112 --- [nio-8080-exec-6] [Query: 7c895b49-0571-4742-ba0a-c1e8a9a51eaf] g.c.u.s.l.QueryLoggingInstrumentation    : Selecting fields: [organization.__typename, organization.testingFacility.id, organization.testingFacility.name, organization.testingFacility.__typename]
2021-09-03 13:17:20.447 DEBUG 25112 --- [nio-8080-exec-5] [Query: ] g.c.u.s.service.ApiUserService           : Retrieving user from request context
2021-09-03 13:17:20.449 TRACE 25112 --- [nio-8080-exec-6] [Query: 7c895b49-0571-4742-ba0a-c1e8a9a51eaf] g.c.u.s.logging.GraphQLLoggingHelpers    : Entered logging instrumentation callback.
2021-09-03 13:17:20.449  INFO 25112 --- [nio-8080-exec-6] [Query: 7c895b49-0571-4742-ba0a-c1e8a9a51eaf] g.c.u.s.logging.GraphQLLoggingHelpers    : GraphQL execution COMPLETED in 14ms
2021-09-03 13:17:20.449 TRACE 25112 --- [nio-8080-exec-5] [Query: f58877d1-7efe-4708-adb4-cc1dd7a91b2a] g.c.u.s.l.QueryLoggingInstrumentation    : Done initializing graphql query logging.
2021-09-03 13:17:20.450  INFO 25112 --- [nio-8080-exec-5] [Query: f58877d1-7efe-4708-adb4-cc1dd7a91b2a] g.c.u.s.l.QueryLoggingInstrumentation    : Selecting fields: [usersWithStatus.email, usersWithStatus.__typename, usersWithStatus.firstName, usersWithStatus.status, usersWithStatus.id, usersWithStatus.middleName, usersWithStatus.lastName]
2021-09-03 13:17:20.483 TRACE 25112 --- [nio-8080-exec-5] [Query: f58877d1-7efe-4708-adb4-cc1dd7a91b2a] g.c.u.s.logging.GraphQLLoggingHelpers    : Entered logging instrumentation callback.
2021-09-03 13:17:20.483  INFO 25112 --- [nio-8080-exec-5] [Query: f58877d1-7efe-4708-adb4-cc1dd7a91b2a] g.c.u.s.logging.GraphQLLoggingHelpers    : GraphQL execution COMPLETED in 34ms
2021-09-03 13:17:20.532 DEBUG 25112 --- [nio-8080-exec-7] [Query: ] g.c.u.s.service.ApiUserService           : User has logged in before: retrieving user record.
2021-09-03 13:17:20.548 DEBUG 25112 --- [nio-8080-exec-7] [Query: ] g.c.u.s.service.ApiUserService           : Retrieving user from request context
2021-09-03 13:17:20.586 DEBUG 25112 --- [nio-8080-exec-7] [Query: ] g.c.u.s.service.ApiUserService           : Retrieving user from request context
2021-09-03 13:17:20.588 TRACE 25112 --- [nio-8080-exec-7] [Query: 18cad5ff-a76a-4b00-be60-31e2be990872] g.c.u.s.l.QueryLoggingInstrumentation    : Done initializing graphql query logging.
2021-09-03 13:17:20.590  INFO 25112 --- [nio-8080-exec-7] [Query: 18cad5ff-a76a-4b00-be60-31e2be990872] g.c.u.s.l.QueryLoggingInstrumentation    : Selecting fields: [user.status, user.id, user.roleDescription, user.middleName, user.lastName, user.organization.testingFacility.name, user.organization.testingFacility.__typename, user.role, user.organization.__typename, user.permissions, user.organization.testingFacility.id, user.email, user.__typename, user.firstName]
2021-09-03 13:17:20.625 TRACE 25112 --- [nio-8080-exec-7] [Query: 18cad5ff-a76a-4b00-be60-31e2be990872] g.c.u.s.logging.GraphQLLoggingHelpers    : Entered logging instrumentation callback.
2021-09-03 13:17:20.625  INFO 25112 --- [nio-8080-exec-7] [Query: 18cad5ff-a76a-4b00-be60-31e2be990872] g.c.u.s.logging.GraphQLLoggingHelpers    : GraphQL execution COMPLETED in 37ms
2021-09-03 13:17:25.596 DEBUG 25112 --- [nio-8080-exec-8] [Query: ] g.c.u.s.service.ApiUserService           : User has logged in before: retrieving user record.
2021-09-03 13:17:25.606 DEBUG 25112 --- [nio-8080-exec-8] [Query: ] g.c.u.s.service.ApiUserService           : Retrieving user from request context
2021-09-03 13:17:25.634 DEBUG 25112 --- [nio-8080-exec-8] [Query: ] g.c.u.s.service.ApiUserService           : Retrieving user from request context
2021-09-03 13:17:25.635 TRACE 25112 --- [nio-8080-exec-8] [Query: 1cba1cd1-191b-4f94-94b1-48ac266ef867] g.c.u.s.l.QueryLoggingInstrumentation    : Done initializing graphql query logging.
2021-09-03 13:17:25.636  INFO 25112 --- [nio-8080-exec-8] [Query: 1cba1cd1-191b-4f94-94b1-48ac266ef867] g.c.u.s.l.QueryLoggingInstrumentation    : Selecting fields: [whoami.firstName, whoami.organization.testingFacility.id, whoami.permissions, whoami.suffix, whoami.isAdmin, whoami.organization.name, whoami.organization.testingFacility.name, whoami.middleName, whoami.organization.testingFacility.__typename, whoami.__typename, whoami.lastName, whoami.roleDescription, whoami.organization.__typename, whoami.id, whoami.email]
2021-09-03 13:17:25.637 DEBUG 25112 --- [nio-8080-exec-8] [Query: 1cba1cd1-191b-4f94-94b1-48ac266ef867] g.c.u.s.service.ApiUserService           : Retrieving user from request context
2021-09-03 13:17:25.648 TRACE 25112 --- [nio-8080-exec-8] [Query: 1cba1cd1-191b-4f94-94b1-48ac266ef867] g.c.u.s.logging.GraphQLLoggingHelpers    : Entered logging instrumentation callback.
2021-09-03 13:17:25.649  INFO 25112 --- [nio-8080-exec-8] [Query: 1cba1cd1-191b-4f94-94b1-48ac266ef867] g.c.u.s.logging.GraphQLLoggingHelpers    : GraphQL execution COMPLETED in 13ms
2021-09-03 13:17:28.490 DEBUG 25112 --- [nio-8080-exec-9] [Query: ] g.c.u.s.service.ApiUserService           : User has logged in before: retrieving user record.
2021-09-03 13:17:28.499 DEBUG 25112 --- [nio-8080-exec-9] [Query: ] g.c.u.s.service.ApiUserService           : Retrieving user from request context
2021-09-03 13:17:28.531 DEBUG 25112 --- [nio-8080-exec-9] [Query: ] g.c.u.s.service.ApiUserService           : Retrieving user from request context
2021-09-03 13:17:28.532 TRACE 25112 --- [nio-8080-exec-9] [Query: d9f7282a-c7cd-4ed4-8b83-d70584478422] g.c.u.s.l.QueryLoggingInstrumentation    : Done initializing graphql query logging.
2021-09-03 13:17:28.533  INFO 25112 --- [nio-8080-exec-9] [Query: d9f7282a-c7cd-4ed4-8b83-d70584478422] g.c.u.s.l.QueryLoggingInstrumentation    : Selecting fields: [organizations.__typename, organizations.externalId, organizations.name]
2021-09-03 13:17:28.585 TRACE 25112 --- [nio-8080-exec-9] [Query: d9f7282a-c7cd-4ed4-8b83-d70584478422] g.c.u.s.logging.GraphQLLoggingHelpers    : Entered logging instrumentation callback.
2021-09-03 13:17:28.585  INFO 25112 --- [nio-8080-exec-9] [Query: d9f7282a-c7cd-4ed4-8b83-d70584478422] g.c.u.s.logging.GraphQLLoggingHelpers    : GraphQL execution COMPLETED in 53ms
2021-09-03 13:17:35.777 DEBUG 25112 --- [io-8080-exec-10] [Query: ] g.c.u.s.service.ApiUserService           : User has logged in before: retrieving user record.
2021-09-03 13:17:35.783 DEBUG 25112 --- [io-8080-exec-10] [Query: ] g.c.u.s.service.ApiUserService           : Retrieving user from request context
2021-09-03 13:17:35.803 DEBUG 25112 --- [io-8080-exec-10] [Query: ] g.c.u.s.service.ApiUserService           : Retrieving user from request context
2021-09-03 13:17:35.804 TRACE 25112 --- [io-8080-exec-10] [Query: 841ca472-2774-4625-86b6-b0b03f3a6baa] g.c.u.s.l.QueryLoggingInstrumentation    : Done initializing graphql query logging.
2021-09-03 13:17:35.804  INFO 25112 --- [io-8080-exec-10] [Query: 841ca472-2774-4625-86b6-b0b03f3a6baa] g.c.u.s.l.QueryLoggingInstrumentation    : Selecting fields: [setCurrentUserTenantDataAccess.organization.name, setCurrentUserTenantDataAccess.email, setCurrentUserTenantDataAccess.organization.externalId, setCurrentUserTenantDataAccess.id, setCurrentUserTenantDataAccess.__typename, setCurrentUserTenantDataAccess.permissions, setCurrentUserTenantDataAccess.role, setCurrentUserTenantDataAccess.organization.__typename]
2021-09-03 13:17:35.818 DEBUG 25112 --- [io-8080-exec-10] [Query: 841ca472-2774-4625-86b6-b0b03f3a6baa] g.c.u.s.service.ApiUserService           : Retrieving user from request context
2021-09-03 13:17:35.832 DEBUG 25112 --- [io-8080-exec-10] [Query: 841ca472-2774-4625-86b6-b0b03f3a6baa] g.c.u.s.service.ApiUserService           : Retrieving user from request context
2021-09-03 13:17:35.839 DEBUG 25112 --- [io-8080-exec-10] [Query: 841ca472-2774-4625-86b6-b0b03f3a6baa] g.c.u.s.service.ApiUserService           : Retrieving user from request context
2021-09-03 13:17:35.842 DEBUG 25112 --- [io-8080-exec-10] [Query: 841ca472-2774-4625-86b6-b0b03f3a6baa] g.c.u.s.service.ApiUserService           : Retrieving user from request context
2021-09-03 13:17:35.853 DEBUG 25112 --- [io-8080-exec-10] [Query: 841ca472-2774-4625-86b6-b0b03f3a6baa] g.c.u.s.service.ApiUserService           : Retrieving user from request context
2021-09-03 13:17:35.866 TRACE 25112 --- [io-8080-exec-10] [Query: 841ca472-2774-4625-86b6-b0b03f3a6baa] g.c.u.s.logging.GraphQLLoggingHelpers    : Entered logging instrumentation callback.
2021-09-03 13:17:35.867  INFO 25112 --- [io-8080-exec-10] [Query: 841ca472-2774-4625-86b6-b0b03f3a6baa] g.c.u.s.logging.GraphQLLoggingHelpers    : GraphQL execution COMPLETED in 63ms
2021-09-03 13:17:36.353 DEBUG 25112 --- [nio-8080-exec-1] [Query: ] g.c.u.s.service.ApiUserService           : User has logged in before: retrieving user record.
2021-09-03 13:17:36.361 DEBUG 25112 --- [nio-8080-exec-1] [Query: ] g.c.u.s.service.ApiUserService           : Retrieving user from request context
2021-09-03 13:17:36.390 DEBUG 25112 --- [nio-8080-exec-1] [Query: ] g.c.u.s.service.ApiUserService           : Retrieving user from request context
2021-09-03 13:17:36.392 TRACE 25112 --- [nio-8080-exec-1] [Query: 7c998392-2c3d-4f8f-9890-b9be6d9220f1] g.c.u.s.l.QueryLoggingInstrumentation    : Done initializing graphql query logging.
2021-09-03 13:17:36.394  INFO 25112 --- [nio-8080-exec-1] [Query: 7c998392-2c3d-4f8f-9890-b9be6d9220f1] g.c.u.s.l.QueryLoggingInstrumentation    : Selecting fields: [whoami.firstName, whoami.organization.testingFacility.id, whoami.permissions, whoami.suffix, whoami.isAdmin, whoami.organization.name, whoami.organization.testingFacility.name, whoami.middleName, whoami.organization.testingFacility.__typename, whoami.__typename, whoami.lastName, whoami.roleDescription, whoami.organization.__typename, whoami.id, whoami.email]
2021-09-03 13:17:36.395 DEBUG 25112 --- [nio-8080-exec-1] [Query: 7c998392-2c3d-4f8f-9890-b9be6d9220f1] g.c.u.s.service.ApiUserService           : Retrieving user from request context
2021-09-03 13:17:36.405 TRACE 25112 --- [nio-8080-exec-1] [Query: 7c998392-2c3d-4f8f-9890-b9be6d9220f1] g.c.u.s.logging.GraphQLLoggingHelpers    : Entered logging instrumentation callback.
2021-09-03 13:17:36.405  INFO 25112 --- [nio-8080-exec-1] [Query: 7c998392-2c3d-4f8f-9890-b9be6d9220f1] g.c.u.s.logging.GraphQLLoggingHelpers    : GraphQL execution COMPLETED in 13ms
2021-09-03 13:17:41.682 DEBUG 25112 --- [nio-8080-exec-2] [Query: ] g.c.u.s.service.ApiUserService           : User has logged in before: retrieving user record.
2021-09-03 13:17:41.692 DEBUG 25112 --- [nio-8080-exec-2] [Query: ] g.c.u.s.service.ApiUserService           : Retrieving user from request context
2021-09-03 13:17:41.721 DEBUG 25112 --- [nio-8080-exec-2] [Query: ] g.c.u.s.service.ApiUserService           : Retrieving user from request context
2021-09-03 13:17:41.722 TRACE 25112 --- [nio-8080-exec-2] [Query: e706844f-726b-4277-af76-0d6ce9e36d60] g.c.u.s.l.QueryLoggingInstrumentation    : Done initializing graphql query logging.
2021-09-03 13:17:41.723  INFO 25112 --- [nio-8080-exec-2] [Query: e706844f-726b-4277-af76-0d6ce9e36d60] g.c.u.s.l.QueryLoggingInstrumentation    : Selecting fields: [organizations.__typename, organizations.externalId, organizations.name]
2021-09-03 13:17:41.779 TRACE 25112 --- [nio-8080-exec-2] [Query: e706844f-726b-4277-af76-0d6ce9e36d60] g.c.u.s.logging.GraphQLLoggingHelpers    : Entered logging instrumentation callback.
2021-09-03 13:17:41.780  INFO 25112 --- [nio-8080-exec-2] [Query: e706844f-726b-4277-af76-0d6ce9e36d60] g.c.u.s.logging.GraphQLLoggingHelpers    : GraphQL execution COMPLETED in 57ms
2021-09-03 13:17:44.796 DEBUG 25112 --- [nio-8080-exec-3] [Query: ] g.c.u.s.service.ApiUserService           : User has logged in before: retrieving user record.
2021-09-03 13:17:44.804 DEBUG 25112 --- [nio-8080-exec-3] [Query: ] g.c.u.s.service.ApiUserService           : Retrieving user from request context
2021-09-03 13:17:44.838 DEBUG 25112 --- [nio-8080-exec-3] [Query: ] g.c.u.s.service.ApiUserService           : Retrieving user from request context
2021-09-03 13:17:44.839 TRACE 25112 --- [nio-8080-exec-3] [Query: 0a297d6e-c022-488b-8d50-4b8faf8497fd] g.c.u.s.l.QueryLoggingInstrumentation    : Done initializing graphql query logging.
2021-09-03 13:17:44.839  INFO 25112 --- [nio-8080-exec-3] [Query: 0a297d6e-c022-488b-8d50-4b8faf8497fd] g.c.u.s.l.QueryLoggingInstrumentation    : Selecting fields: [whoami.firstName, whoami.organization.testingFacility.id, whoami.permissions, whoami.suffix, whoami.isAdmin, whoami.organization.name, whoami.organization.testingFacility.name, whoami.middleName, whoami.organization.testingFacility.__typename, whoami.__typename, whoami.lastName, whoami.roleDescription, whoami.organization.__typename, whoami.id, whoami.email]
2021-09-03 13:17:44.840 DEBUG 25112 --- [nio-8080-exec-3] [Query: 0a297d6e-c022-488b-8d50-4b8faf8497fd] g.c.u.s.service.ApiUserService           : Retrieving user from request context
2021-09-03 13:17:44.850 TRACE 25112 --- [nio-8080-exec-3] [Query: 0a297d6e-c022-488b-8d50-4b8faf8497fd] g.c.u.s.logging.GraphQLLoggingHelpers    : Entered logging instrumentation callback.
2021-09-03 13:17:44.850  INFO 25112 --- [nio-8080-exec-3] [Query: 0a297d6e-c022-488b-8d50-4b8faf8497fd] g.c.u.s.logging.GraphQLLoggingHelpers    : GraphQL execution COMPLETED in 11ms
2021-09-03 13:17:47.607 DEBUG 25112 --- [nio-8080-exec-4] [Query: ] g.c.u.s.service.ApiUserService           : User has logged in before: retrieving user record.
2021-09-03 13:17:47.610 DEBUG 25112 --- [nio-8080-exec-6] [Query: ] g.c.u.s.service.ApiUserService           : User has logged in before: retrieving user record.
2021-09-03 13:17:47.617 DEBUG 25112 --- [nio-8080-exec-4] [Query: ] g.c.u.s.service.ApiUserService           : Retrieving user from request context
2021-09-03 13:17:47.619 DEBUG 25112 --- [nio-8080-exec-6] [Query: ] g.c.u.s.service.ApiUserService           : Retrieving user from request context
2021-09-03 13:17:47.641 DEBUG 25112 --- [nio-8080-exec-4] [Query: ] g.c.u.s.service.ApiUserService           : Retrieving user from request context
2021-09-03 13:17:47.642 TRACE 25112 --- [nio-8080-exec-4] [Query: b08a5d60-f1da-48f4-a81d-30924fc384a3] g.c.u.s.l.QueryLoggingInstrumentation    : Done initializing graphql query logging.
2021-09-03 13:17:47.642  INFO 25112 --- [nio-8080-exec-4] [Query: b08a5d60-f1da-48f4-a81d-30924fc384a3] g.c.u.s.l.QueryLoggingInstrumentation    : Selecting fields: [usersWithStatus.email, usersWithStatus.__typename, usersWithStatus.firstName, usersWithStatus.status, usersWithStatus.id, usersWithStatus.middleName, usersWithStatus.lastName]
2021-09-03 13:17:47.647 DEBUG 25112 --- [nio-8080-exec-6] [Query: ] g.c.u.s.service.ApiUserService           : Retrieving user from request context
2021-09-03 13:17:47.648 TRACE 25112 --- [nio-8080-exec-6] [Query: 1e5fc806-a9ab-4505-ac51-d060fed3cbf8] g.c.u.s.l.QueryLoggingInstrumentation    : Done initializing graphql query logging.
2021-09-03 13:17:47.649  INFO 25112 --- [nio-8080-exec-6] [Query: 1e5fc806-a9ab-4505-ac51-d060fed3cbf8] g.c.u.s.l.QueryLoggingInstrumentation    : Selecting fields: [organization.__typename, organization.testingFacility.id, organization.testingFacility.name, organization.testingFacility.__typename]
2021-09-03 13:17:47.659 TRACE 25112 --- [nio-8080-exec-6] [Query: 1e5fc806-a9ab-4505-ac51-d060fed3cbf8] g.c.u.s.logging.GraphQLLoggingHelpers    : Entered logging instrumentation callback.
2021-09-03 13:17:47.659  INFO 25112 --- [nio-8080-exec-6] [Query: 1e5fc806-a9ab-4505-ac51-d060fed3cbf8] g.c.u.s.logging.GraphQLLoggingHelpers    : GraphQL execution COMPLETED in 11ms
2021-09-03 13:17:47.666 TRACE 25112 --- [nio-8080-exec-4] [Query: b08a5d60-f1da-48f4-a81d-30924fc384a3] g.c.u.s.logging.GraphQLLoggingHelpers    : Entered logging instrumentation callback.
2021-09-03 13:17:47.666  INFO 25112 --- [nio-8080-exec-4] [Query: b08a5d60-f1da-48f4-a81d-30924fc384a3] g.c.u.s.logging.GraphQLLoggingHelpers    : GraphQL execution COMPLETED in 24ms
2021-09-03 13:17:47.711 DEBUG 25112 --- [nio-8080-exec-5] [Query: ] g.c.u.s.service.ApiUserService           : User has logged in before: retrieving user record.
2021-09-03 13:17:47.719 DEBUG 25112 --- [nio-8080-exec-5] [Query: ] g.c.u.s.service.ApiUserService           : Retrieving user from request context
2021-09-03 13:17:47.749 DEBUG 25112 --- [nio-8080-exec-5] [Query: ] g.c.u.s.service.ApiUserService           : Retrieving user from request context
2021-09-03 13:17:47.750 TRACE 25112 --- [nio-8080-exec-5] [Query: 4c098ff2-e6f2-4e96-b839-0fe224c6cc75] g.c.u.s.l.QueryLoggingInstrumentation    : Done initializing graphql query logging.
2021-09-03 13:17:47.752  INFO 25112 --- [nio-8080-exec-5] [Query: 4c098ff2-e6f2-4e96-b839-0fe224c6cc75] g.c.u.s.l.QueryLoggingInstrumentation    : Selecting fields: [user.status, user.id, user.roleDescription, user.middleName, user.lastName, user.organization.testingFacility.name, user.organization.testingFacility.__typename, user.role, user.organization.__typename, user.permissions, user.organization.testingFacility.id, user.email, user.__typename, user.firstName]
2021-09-03 13:17:47.781 TRACE 25112 --- [nio-8080-exec-5] [Query: 4c098ff2-e6f2-4e96-b839-0fe224c6cc75] g.c.u.s.logging.GraphQLLoggingHelpers    : Entered logging instrumentation callback.
2021-09-03 13:17:47.781  INFO 25112 --- [nio-8080-exec-5] [Query: 4c098ff2-e6f2-4e96-b839-0fe224c6cc75] g.c.u.s.logging.GraphQLLoggingHelpers    : GraphQL execution COMPLETED in 31ms
2021-09-03 13:17:53.621 DEBUG 25112 --- [nio-8080-exec-7] [Query: ] g.c.u.s.service.ApiUserService           : User has logged in before: retrieving user record.
2021-09-03 13:17:53.631 DEBUG 25112 --- [nio-8080-exec-7] [Query: ] g.c.u.s.service.ApiUserService           : Retrieving user from request context
2021-09-03 13:17:53.655 DEBUG 25112 --- [nio-8080-exec-7] [Query: ] g.c.u.s.service.ApiUserService           : Retrieving user from request context
2021-09-03 13:17:53.656 TRACE 25112 --- [nio-8080-exec-7] [Query: 4dcafc7c-6005-4c79-82d2-7e7d13e1aa9e] g.c.u.s.l.QueryLoggingInstrumentation    : Done initializing graphql query logging.
2021-09-03 13:17:53.657  INFO 25112 --- [nio-8080-exec-7] [Query: 4dcafc7c-6005-4c79-82d2-7e7d13e1aa9e] g.c.u.s.l.QueryLoggingInstrumentation    : Selecting fields: [whoami.firstName, whoami.organization.testingFacility.id, whoami.permissions, whoami.suffix, whoami.isAdmin, whoami.organization.name, whoami.organization.testingFacility.name, whoami.middleName, whoami.organization.testingFacility.__typename, whoami.__typename, whoami.lastName, whoami.roleDescription, whoami.organization.__typename, whoami.id, whoami.email]
2021-09-03 13:17:53.657 DEBUG 25112 --- [nio-8080-exec-7] [Query: 4dcafc7c-6005-4c79-82d2-7e7d13e1aa9e] g.c.u.s.service.ApiUserService           : Retrieving user from request context
2021-09-03 13:17:53.664 TRACE 25112 --- [nio-8080-exec-7] [Query: 4dcafc7c-6005-4c79-82d2-7e7d13e1aa9e] g.c.u.s.logging.GraphQLLoggingHelpers    : Entered logging instrumentation callback.
2021-09-03 13:17:53.664  INFO 25112 --- [nio-8080-exec-7] [Query: 4dcafc7c-6005-4c79-82d2-7e7d13e1aa9e] g.c.u.s.logging.GraphQLLoggingHelpers    : GraphQL execution COMPLETED in 8ms
2021-09-03 13:17:58.313 DEBUG 25112 --- [nio-8080-exec-8] [Query: ] g.c.u.s.service.ApiUserService           : User has logged in before: retrieving user record.
2021-09-03 13:17:58.322 DEBUG 25112 --- [nio-8080-exec-8] [Query: ] g.c.u.s.service.ApiUserService           : Retrieving user from request context
2021-09-03 13:17:58.349 DEBUG 25112 --- [nio-8080-exec-8] [Query: ] g.c.u.s.service.ApiUserService           : Retrieving user from request context
2021-09-03 13:17:58.350 TRACE 25112 --- [nio-8080-exec-8] [Query: a37eabd0-3b07-418c-b1f3-01fe466f1676] g.c.u.s.l.QueryLoggingInstrumentation    : Done initializing graphql query logging.
2021-09-03 13:17:58.351  INFO 25112 --- [nio-8080-exec-8] [Query: a37eabd0-3b07-418c-b1f3-01fe466f1676] g.c.u.s.l.QueryLoggingInstrumentation    : Selecting fields: [organizations.__typename, organizations.externalId, organizations.name]
2021-09-03 13:17:58.391 TRACE 25112 --- [nio-8080-exec-8] [Query: a37eabd0-3b07-418c-b1f3-01fe466f1676] g.c.u.s.logging.GraphQLLoggingHelpers    : Entered logging instrumentation callback.
2021-09-03 13:17:58.392  INFO 25112 --- [nio-8080-exec-8] [Query: a37eabd0-3b07-418c-b1f3-01fe466f1676] g.c.u.s.logging.GraphQLLoggingHelpers    : GraphQL execution COMPLETED in 42ms
2021-09-03 13:18:03.650 DEBUG 25112 --- [nio-8080-exec-9] [Query: ] g.c.u.s.service.ApiUserService           : User has logged in before: retrieving user record.
2021-09-03 13:18:03.656 DEBUG 25112 --- [nio-8080-exec-9] [Query: ] g.c.u.s.service.ApiUserService           : Retrieving user from request context
2021-09-03 13:18:03.678 DEBUG 25112 --- [nio-8080-exec-9] [Query: ] g.c.u.s.service.ApiUserService           : Retrieving user from request context
2021-09-03 13:18:03.679 TRACE 25112 --- [nio-8080-exec-9] [Query: 4fa7da5c-37f1-41b4-ba50-d22e60f5189d] g.c.u.s.l.QueryLoggingInstrumentation    : Done initializing graphql query logging.
2021-09-03 13:18:03.679  INFO 25112 --- [nio-8080-exec-9] [Query: 4fa7da5c-37f1-41b4-ba50-d22e60f5189d] g.c.u.s.l.QueryLoggingInstrumentation    : Selecting fields: [setCurrentUserTenantDataAccess.organization.name, setCurrentUserTenantDataAccess.email, setCurrentUserTenantDataAccess.organization.externalId, setCurrentUserTenantDataAccess.id, setCurrentUserTenantDataAccess.__typename, setCurrentUserTenantDataAccess.permissions, setCurrentUserTenantDataAccess.role, setCurrentUserTenantDataAccess.organization.__typename]
2021-09-03 13:18:03.688 DEBUG 25112 --- [nio-8080-exec-9] [Query: 4fa7da5c-37f1-41b4-ba50-d22e60f5189d] g.c.u.s.service.ApiUserService           : Retrieving user from request context
2021-09-03 13:18:03.696 DEBUG 25112 --- [nio-8080-exec-9] [Query: 4fa7da5c-37f1-41b4-ba50-d22e60f5189d] g.c.u.s.service.ApiUserService           : Retrieving user from request context
2021-09-03 13:18:03.698 DEBUG 25112 --- [nio-8080-exec-9] [Query: 4fa7da5c-37f1-41b4-ba50-d22e60f5189d] g.c.u.s.service.ApiUserService           : Retrieving user from request context
2021-09-03 13:18:03.700 DEBUG 25112 --- [nio-8080-exec-9] [Query: 4fa7da5c-37f1-41b4-ba50-d22e60f5189d] g.c.u.s.service.ApiUserService           : Retrieving user from request context
2021-09-03 13:18:03.710 DEBUG 25112 --- [nio-8080-exec-9] [Query: 4fa7da5c-37f1-41b4-ba50-d22e60f5189d] g.c.u.s.service.ApiUserService           : Retrieving user from request context
2021-09-03 13:18:03.746 TRACE 25112 --- [nio-8080-exec-9] [Query: 4fa7da5c-37f1-41b4-ba50-d22e60f5189d] g.c.u.s.logging.GraphQLLoggingHelpers    : Entered logging instrumentation callback.
2021-09-03 13:18:03.746  INFO 25112 --- [nio-8080-exec-9] [Query: 4fa7da5c-37f1-41b4-ba50-d22e60f5189d] g.c.u.s.logging.GraphQLLoggingHelpers    : GraphQL execution COMPLETED in 67ms
2021-09-03 13:18:04.441 DEBUG 25112 --- [io-8080-exec-10] [Query: ] g.c.u.s.service.ApiUserService           : User has logged in before: retrieving user record.
2021-09-03 13:18:04.450 DEBUG 25112 --- [io-8080-exec-10] [Query: ] g.c.u.s.service.ApiUserService           : Retrieving user from request context
2021-09-03 13:18:04.473 DEBUG 25112 --- [io-8080-exec-10] [Query: ] g.c.u.s.service.ApiUserService           : Retrieving user from request context
2021-09-03 13:18:04.474 TRACE 25112 --- [io-8080-exec-10] [Query: 4d0f022f-c520-458a-bcc8-d0c5b10987af] g.c.u.s.l.QueryLoggingInstrumentation    : Done initializing graphql query logging.
2021-09-03 13:18:04.474  INFO 25112 --- [io-8080-exec-10] [Query: 4d0f022f-c520-458a-bcc8-d0c5b10987af] g.c.u.s.l.QueryLoggingInstrumentation    : Selecting fields: [whoami.firstName, whoami.organization.testingFacility.id, whoami.permissions, whoami.suffix, whoami.isAdmin, whoami.organization.name, whoami.organization.testingFacility.name, whoami.middleName, whoami.organization.testingFacility.__typename, whoami.__typename, whoami.lastName, whoami.roleDescription, whoami.organization.__typename, whoami.id, whoami.email]
2021-09-03 13:18:04.475 DEBUG 25112 --- [io-8080-exec-10] [Query: 4d0f022f-c520-458a-bcc8-d0c5b10987af] g.c.u.s.service.ApiUserService           : Retrieving user from request context
2021-09-03 13:18:04.484 TRACE 25112 --- [io-8080-exec-10] [Query: 4d0f022f-c520-458a-bcc8-d0c5b10987af] g.c.u.s.logging.GraphQLLoggingHelpers    : Entered logging instrumentation callback.
2021-09-03 13:18:04.484  INFO 25112 --- [io-8080-exec-10] [Query: 4d0f022f-c520-458a-bcc8-d0c5b10987af] g.c.u.s.logging.GraphQLLoggingHelpers    : GraphQL execution COMPLETED in 11ms
2021-09-03 13:18:08.182 DEBUG 25112 --- [nio-8080-exec-1] [Query: ] g.c.u.s.service.ApiUserService           : User has logged in before: retrieving user record.
2021-09-03 13:18:08.183 DEBUG 25112 --- [nio-8080-exec-2] [Query: ] g.c.u.s.service.ApiUserService           : User has logged in before: retrieving user record.
2021-09-03 13:18:08.193 DEBUG 25112 --- [nio-8080-exec-2] [Query: ] g.c.u.s.service.ApiUserService           : Retrieving user from request context
2021-09-03 13:18:08.195 DEBUG 25112 --- [nio-8080-exec-1] [Query: ] g.c.u.s.service.ApiUserService           : Retrieving user from request context
2021-09-03 13:18:08.225 DEBUG 25112 --- [nio-8080-exec-1] [Query: ] g.c.u.s.service.ApiUserService           : Retrieving user from request context
2021-09-03 13:18:08.226 TRACE 25112 --- [nio-8080-exec-1] [Query: 5a41a105-058d-4864-bea4-1ab0df817e97] g.c.u.s.l.QueryLoggingInstrumentation    : Done initializing graphql query logging.
2021-09-03 13:18:08.228  INFO 25112 --- [nio-8080-exec-1] [Query: 5a41a105-058d-4864-bea4-1ab0df817e97] g.c.u.s.l.QueryLoggingInstrumentation    : Selecting fields: [usersWithStatus.email, usersWithStatus.__typename, usersWithStatus.firstName, usersWithStatus.status, usersWithStatus.id, usersWithStatus.middleName, usersWithStatus.lastName]
2021-09-03 13:18:08.237 DEBUG 25112 --- [nio-8080-exec-2] [Query: ] g.c.u.s.service.ApiUserService           : Retrieving user from request context
2021-09-03 13:18:08.238 TRACE 25112 --- [nio-8080-exec-2] [Query: 62757cb9-0e26-42ad-b9dc-795149fedde5] g.c.u.s.l.QueryLoggingInstrumentation    : Done initializing graphql query logging.
2021-09-03 13:18:08.238  INFO 25112 --- [nio-8080-exec-2] [Query: 62757cb9-0e26-42ad-b9dc-795149fedde5] g.c.u.s.l.QueryLoggingInstrumentation    : Selecting fields: [organization.__typename, organization.testingFacility.id, organization.testingFacility.name, organization.testingFacility.__typename]
2021-09-03 13:18:08.249 TRACE 25112 --- [nio-8080-exec-2] [Query: 62757cb9-0e26-42ad-b9dc-795149fedde5] g.c.u.s.logging.GraphQLLoggingHelpers    : Entered logging instrumentation callback.
2021-09-03 13:18:08.249  INFO 25112 --- [nio-8080-exec-2] [Query: 62757cb9-0e26-42ad-b9dc-795149fedde5] g.c.u.s.logging.GraphQLLoggingHelpers    : GraphQL execution COMPLETED in 12ms
2021-09-03 13:18:08.253 TRACE 25112 --- [nio-8080-exec-1] [Query: 5a41a105-058d-4864-bea4-1ab0df817e97] g.c.u.s.logging.GraphQLLoggingHelpers    : Entered logging instrumentation callback.
2021-09-03 13:18:08.253  INFO 25112 --- [nio-8080-exec-1] [Query: 5a41a105-058d-4864-bea4-1ab0df817e97] g.c.u.s.logging.GraphQLLoggingHelpers    : GraphQL execution COMPLETED in 27ms
2021-09-03 13:18:08.297 DEBUG 25112 --- [nio-8080-exec-3] [Query: ] g.c.u.s.service.ApiUserService           : User has logged in before: retrieving user record.
2021-09-03 13:18:08.325 DEBUG 25112 --- [nio-8080-exec-3] [Query: ] g.c.u.s.service.ApiUserService           : Retrieving user from request context
2021-09-03 13:18:08.359 DEBUG 25112 --- [nio-8080-exec-3] [Query: ] g.c.u.s.service.ApiUserService           : Retrieving user from request context
2021-09-03 13:18:08.360 TRACE 25112 --- [nio-8080-exec-3] [Query: b42b171a-0f4c-4fb0-a6b9-8b983a30e648] g.c.u.s.l.QueryLoggingInstrumentation    : Done initializing graphql query logging.
2021-09-03 13:18:08.361  INFO 25112 --- [nio-8080-exec-3] [Query: b42b171a-0f4c-4fb0-a6b9-8b983a30e648] g.c.u.s.l.QueryLoggingInstrumentation    : Selecting fields: [user.status, user.id, user.roleDescription, user.middleName, user.lastName, user.organization.testingFacility.name, user.organization.testingFacility.__typename, user.role, user.organization.__typename, user.permissions, user.organization.testingFacility.id, user.email, user.__typename, user.firstName]
2021-09-03 13:18:08.388 TRACE 25112 --- [nio-8080-exec-3] [Query: b42b171a-0f4c-4fb0-a6b9-8b983a30e648] g.c.u.s.logging.GraphQLLoggingHelpers    : Entered logging instrumentation callback.
2021-09-03 13:18:08.388  INFO 25112 --- [nio-8080-exec-3] [Query: b42b171a-0f4c-4fb0-a6b9-8b983a30e648] g.c.u.s.logging.GraphQLLoggingHelpers    : GraphQL execution COMPLETED in 28ms
2021-09-03 13:18:13.117 DEBUG 25112 --- [nio-8080-exec-6] [Query: ] g.c.u.s.service.ApiUserService           : User has logged in before: retrieving user record.
2021-09-03 13:18:13.125 DEBUG 25112 --- [nio-8080-exec-6] [Query: ] g.c.u.s.service.ApiUserService           : Retrieving user from request context
2021-09-03 13:18:13.156 DEBUG 25112 --- [nio-8080-exec-6] [Query: ] g.c.u.s.service.ApiUserService           : Retrieving user from request context
2021-09-03 13:18:13.157 TRACE 25112 --- [nio-8080-exec-6] [Query: cdb9dd8f-f1f7-4644-a83d-a9950c712a7b] g.c.u.s.l.QueryLoggingInstrumentation    : Done initializing graphql query logging.
2021-09-03 13:18:13.158  INFO 25112 --- [nio-8080-exec-6] [Query: cdb9dd8f-f1f7-4644-a83d-a9950c712a7b] g.c.u.s.l.QueryLoggingInstrumentation    : Selecting fields: [whoami.firstName, whoami.organization.testingFacility.id, whoami.permissions, whoami.suffix, whoami.isAdmin, whoami.organization.name, whoami.organization.testingFacility.name, whoami.middleName, whoami.organization.testingFacility.__typename, whoami.__typename, whoami.lastName, whoami.roleDescription, whoami.organization.__typename, whoami.id, whoami.email]
2021-09-03 13:18:13.159 DEBUG 25112 --- [nio-8080-exec-6] [Query: cdb9dd8f-f1f7-4644-a83d-a9950c712a7b] g.c.u.s.service.ApiUserService           : Retrieving user from request context
2021-09-03 13:18:13.169 TRACE 25112 --- [nio-8080-exec-6] [Query: cdb9dd8f-f1f7-4644-a83d-a9950c712a7b] g.c.u.s.logging.GraphQLLoggingHelpers    : Entered logging instrumentation callback.
2021-09-03 13:18:13.169  INFO 25112 --- [nio-8080-exec-6] [Query: cdb9dd8f-f1f7-4644-a83d-a9950c712a7b] g.c.u.s.logging.GraphQLLoggingHelpers    : GraphQL execution COMPLETED in 12ms
2021-09-03 13:18:16.260 DEBUG 25112 --- [nio-8080-exec-4] [Query: ] g.c.u.s.service.ApiUserService           : User has logged in before: retrieving user record.
2021-09-03 13:18:16.271 DEBUG 25112 --- [nio-8080-exec-4] [Query: ] g.c.u.s.service.ApiUserService           : Retrieving user from request context
2021-09-03 13:18:16.295 DEBUG 25112 --- [nio-8080-exec-4] [Query: ] g.c.u.s.service.ApiUserService           : Retrieving user from request context
2021-09-03 13:18:16.296 TRACE 25112 --- [nio-8080-exec-4] [Query: 794e620c-e5bf-4d89-b54d-6fe81a3ef95b] g.c.u.s.l.QueryLoggingInstrumentation    : Done initializing graphql query logging.
2021-09-03 13:18:16.297  INFO 25112 --- [nio-8080-exec-4] [Query: 794e620c-e5bf-4d89-b54d-6fe81a3ef95b] g.c.u.s.l.QueryLoggingInstrumentation    : Selecting fields: [organizations.__typename, organizations.externalId, organizations.name]
2021-09-03 13:18:16.333 TRACE 25112 --- [nio-8080-exec-4] [Query: 794e620c-e5bf-4d89-b54d-6fe81a3ef95b] g.c.u.s.logging.GraphQLLoggingHelpers    : Entered logging instrumentation callback.
2021-09-03 13:18:16.333  INFO 25112 --- [nio-8080-exec-4] [Query: 794e620c-e5bf-4d89-b54d-6fe81a3ef95b] g.c.u.s.logging.GraphQLLoggingHelpers    : GraphQL execution COMPLETED in 37ms
2021-09-03 13:18:19.409 DEBUG 25112 --- [nio-8080-exec-5] [Query: ] g.c.u.s.service.ApiUserService           : User has logged in before: retrieving user record.
2021-09-03 13:18:19.414 DEBUG 25112 --- [nio-8080-exec-5] [Query: ] g.c.u.s.service.ApiUserService           : Retrieving user from request context
2021-09-03 13:18:19.433 DEBUG 25112 --- [nio-8080-exec-5] [Query: ] g.c.u.s.service.ApiUserService           : Retrieving user from request context
2021-09-03 13:18:19.434 TRACE 25112 --- [nio-8080-exec-5] [Query: 64202354-d561-427e-a040-6451bcc026c5] g.c.u.s.l.QueryLoggingInstrumentation    : Done initializing graphql query logging.
2021-09-03 13:18:19.434  INFO 25112 --- [nio-8080-exec-5] [Query: 64202354-d561-427e-a040-6451bcc026c5] g.c.u.s.l.QueryLoggingInstrumentation    : Selecting fields: [setCurrentUserTenantDataAccess.organization.name, setCurrentUserTenantDataAccess.email, setCurrentUserTenantDataAccess.organization.externalId, setCurrentUserTenantDataAccess.id, setCurrentUserTenantDataAccess.__typename, setCurrentUserTenantDataAccess.permissions, setCurrentUserTenantDataAccess.role, setCurrentUserTenantDataAccess.organization.__typename]
2021-09-03 13:18:19.441 DEBUG 25112 --- [nio-8080-exec-5] [Query: 64202354-d561-427e-a040-6451bcc026c5] g.c.u.s.service.ApiUserService           : Retrieving user from request context
2021-09-03 13:18:19.447 DEBUG 25112 --- [nio-8080-exec-5] [Query: 64202354-d561-427e-a040-6451bcc026c5] g.c.u.s.service.ApiUserService           : Retrieving user from request context
2021-09-03 13:18:19.448 DEBUG 25112 --- [nio-8080-exec-5] [Query: 64202354-d561-427e-a040-6451bcc026c5] g.c.u.s.service.ApiUserService           : Retrieving user from request context
2021-09-03 13:18:19.450 DEBUG 25112 --- [nio-8080-exec-5] [Query: 64202354-d561-427e-a040-6451bcc026c5] g.c.u.s.service.ApiUserService           : Retrieving user from request context
2021-09-03 13:18:19.458 DEBUG 25112 --- [nio-8080-exec-5] [Query: 64202354-d561-427e-a040-6451bcc026c5] g.c.u.s.service.ApiUserService           : Retrieving user from request context
2021-09-03 13:18:19.470 TRACE 25112 --- [nio-8080-exec-5] [Query: 64202354-d561-427e-a040-6451bcc026c5] g.c.u.s.logging.GraphQLLoggingHelpers    : Entered logging instrumentation callback.
2021-09-03 13:18:19.470  INFO 25112 --- [nio-8080-exec-5] [Query: 64202354-d561-427e-a040-6451bcc026c5] g.c.u.s.logging.GraphQLLoggingHelpers    : GraphQL execution COMPLETED in 36ms
2021-09-03 13:18:19.832 DEBUG 25112 --- [nio-8080-exec-7] [Query: ] g.c.u.s.service.ApiUserService           : User has logged in before: retrieving user record.
2021-09-03 13:18:19.839 DEBUG 25112 --- [nio-8080-exec-7] [Query: ] g.c.u.s.service.ApiUserService           : Retrieving user from request context
2021-09-03 13:18:19.861 DEBUG 25112 --- [nio-8080-exec-7] [Query: ] g.c.u.s.service.ApiUserService           : Retrieving user from request context
2021-09-03 13:18:19.862 TRACE 25112 --- [nio-8080-exec-7] [Query: 93189b08-1f60-40c6-9b8c-870258ebed2a] g.c.u.s.l.QueryLoggingInstrumentation    : Done initializing graphql query logging.
2021-09-03 13:18:19.863  INFO 25112 --- [nio-8080-exec-7] [Query: 93189b08-1f60-40c6-9b8c-870258ebed2a] g.c.u.s.l.QueryLoggingInstrumentation    : Selecting fields: [whoami.firstName, whoami.organization.testingFacility.id, whoami.permissions, whoami.suffix, whoami.isAdmin, whoami.organization.name, whoami.organization.testingFacility.name, whoami.middleName, whoami.organization.testingFacility.__typename, whoami.__typename, whoami.lastName, whoami.roleDescription, whoami.organization.__typename, whoami.id, whoami.email]
2021-09-03 13:18:19.863 DEBUG 25112 --- [nio-8080-exec-7] [Query: 93189b08-1f60-40c6-9b8c-870258ebed2a] g.c.u.s.service.ApiUserService           : Retrieving user from request context
2021-09-03 13:18:19.870 TRACE 25112 --- [nio-8080-exec-7] [Query: 93189b08-1f60-40c6-9b8c-870258ebed2a] g.c.u.s.logging.GraphQLLoggingHelpers    : Entered logging instrumentation callback.
2021-09-03 13:18:19.870  INFO 25112 --- [nio-8080-exec-7] [Query: 93189b08-1f60-40c6-9b8c-870258ebed2a] g.c.u.s.logging.GraphQLLoggingHelpers    : GraphQL execution COMPLETED in 8ms
2021-09-03 13:18:26.324 DEBUG 25112 --- [nio-8080-exec-9] [Query: ] g.c.u.s.service.ApiUserService           : User has logged in before: retrieving user record.
2021-09-03 13:18:26.324 DEBUG 25112 --- [nio-8080-exec-8] [Query: ] g.c.u.s.service.ApiUserService           : User has logged in before: retrieving user record.
2021-09-03 13:18:26.334 DEBUG 25112 --- [nio-8080-exec-9] [Query: ] g.c.u.s.service.ApiUserService           : Retrieving user from request context
2021-09-03 13:18:26.336 DEBUG 25112 --- [nio-8080-exec-8] [Query: ] g.c.u.s.service.ApiUserService           : Retrieving user from request context
2021-09-03 13:18:26.370 DEBUG 25112 --- [nio-8080-exec-8] [Query: ] g.c.u.s.service.ApiUserService           : Retrieving user from request context
2021-09-03 13:18:26.370 DEBUG 25112 --- [nio-8080-exec-9] [Query: ] g.c.u.s.service.ApiUserService           : Retrieving user from request context
2021-09-03 13:18:26.371 TRACE 25112 --- [nio-8080-exec-8] [Query: 1ecb9bbc-c402-40eb-8a21-bfc10efaa7c4] g.c.u.s.l.QueryLoggingInstrumentation    : Done initializing graphql query logging.
2021-09-03 13:18:26.371 TRACE 25112 --- [nio-8080-exec-9] [Query: ade2483b-6de2-424d-8dea-b8a323209485] g.c.u.s.l.QueryLoggingInstrumentation    : Done initializing graphql query logging.
2021-09-03 13:18:26.371  INFO 25112 --- [nio-8080-exec-9] [Query: ade2483b-6de2-424d-8dea-b8a323209485] g.c.u.s.l.QueryLoggingInstrumentation    : Selecting fields: [patientsCount]
2021-09-03 13:18:26.372  INFO 25112 --- [nio-8080-exec-8] [Query: 1ecb9bbc-c402-40eb-8a21-bfc10efaa7c4] g.c.u.s.l.QueryLoggingInstrumentation    : Selecting fields: [patients.internalId, patients.isDeleted, patients.lastTest.dateAdded, patients.lastTest.__typename, patients.__typename, patients.firstName, patients.role, patients.lastName, patients.middleName, patients.birthDate]
2021-09-03 13:18:26.394 TRACE 25112 --- [nio-8080-exec-8] [Query: 1ecb9bbc-c402-40eb-8a21-bfc10efaa7c4] g.c.u.s.logging.GraphQLLoggingHelpers    : Entered logging instrumentation callback.
2021-09-03 13:18:26.394  INFO 25112 --- [nio-8080-exec-8] [Query: 1ecb9bbc-c402-40eb-8a21-bfc10efaa7c4] g.c.u.s.logging.GraphQLLoggingHelpers    : GraphQL execution COMPLETED in 23ms
2021-09-03 13:18:26.396 TRACE 25112 --- [nio-8080-exec-9] [Query: ade2483b-6de2-424d-8dea-b8a323209485] g.c.u.s.logging.GraphQLLoggingHelpers    : Entered logging instrumentation callback.
2021-09-03 13:18:26.396  INFO 25112 --- [nio-8080-exec-9] [Query: ade2483b-6de2-424d-8dea-b8a323209485] g.c.u.s.logging.GraphQLLoggingHelpers    : GraphQL execution COMPLETED in 25ms
2021-09-03 13:18:26.435 DEBUG 25112 --- [io-8080-exec-10] [Query: ] g.c.u.s.service.ApiUserService           : User has logged in before: retrieving user record.
2021-09-03 13:18:26.444 DEBUG 25112 --- [io-8080-exec-10] [Query: ] g.c.u.s.service.ApiUserService           : Retrieving user from request context
2021-09-03 13:18:26.471 DEBUG 25112 --- [io-8080-exec-10] [Query: ] g.c.u.s.service.ApiUserService           : Retrieving user from request context
2021-09-03 13:18:26.471 TRACE 25112 --- [io-8080-exec-10] [Query: ff0aa417-0c72-4ce5-87df-45f9a5ceeb92] g.c.u.s.l.QueryLoggingInstrumentation    : Done initializing graphql query logging.
2021-09-03 13:18:26.472  INFO 25112 --- [io-8080-exec-10] [Query: ff0aa417-0c72-4ce5-87df-45f9a5ceeb92] g.c.u.s.l.QueryLoggingInstrumentation    : Selecting fields: [patients.internalId, patients.isDeleted, patients.lastTest.dateAdded, patients.lastTest.__typename, patients.__typename, patients.firstName, patients.role, patients.lastName, patients.middleName, patients.birthDate]
2021-09-03 13:18:26.490 TRACE 25112 --- [io-8080-exec-10] [Query: ff0aa417-0c72-4ce5-87df-45f9a5ceeb92] g.c.u.s.logging.GraphQLLoggingHelpers    : Entered logging instrumentation callback.
2021-09-03 13:18:26.490  INFO 25112 --- [io-8080-exec-10] [Query: ff0aa417-0c72-4ce5-87df-45f9a5ceeb92] g.c.u.s.logging.GraphQLLoggingHelpers    : GraphQL execution COMPLETED in 19ms
2021-09-03 13:18:27.448 DEBUG 25112 --- [nio-8080-exec-1] [Query: ] g.c.u.s.service.ApiUserService           : User has logged in before: retrieving user record.
2021-09-03 13:18:27.448 DEBUG 25112 --- [nio-8080-exec-2] [Query: ] g.c.u.s.service.ApiUserService           : User has logged in before: retrieving user record.
2021-09-03 13:18:27.459 DEBUG 25112 --- [nio-8080-exec-2] [Query: ] g.c.u.s.service.ApiUserService           : Retrieving user from request context
2021-09-03 13:18:27.461 DEBUG 25112 --- [nio-8080-exec-1] [Query: ] g.c.u.s.service.ApiUserService           : Retrieving user from request context
2021-09-03 13:18:27.489 DEBUG 25112 --- [nio-8080-exec-1] [Query: ] g.c.u.s.service.ApiUserService           : Retrieving user from request context
2021-09-03 13:18:27.491 TRACE 25112 --- [nio-8080-exec-1] [Query: 716ae405-16bd-4f01-a721-d7bd790ab033] g.c.u.s.l.QueryLoggingInstrumentation    : Done initializing graphql query logging.
2021-09-03 13:18:27.492  INFO 25112 --- [nio-8080-exec-1] [Query: 716ae405-16bd-4f01-a721-d7bd790ab033] g.c.u.s.l.QueryLoggingInstrumentation    : Selecting fields: [usersWithStatus.email, usersWithStatus.__typename, usersWithStatus.firstName, usersWithStatus.status, usersWithStatus.id, usersWithStatus.middleName, usersWithStatus.lastName]
2021-09-03 13:18:27.493 DEBUG 25112 --- [nio-8080-exec-2] [Query: ] g.c.u.s.service.ApiUserService           : Retrieving user from request context
2021-09-03 13:18:27.494 TRACE 25112 --- [nio-8080-exec-2] [Query: 9f0911d2-87eb-4868-ae98-7ecfa2387066] g.c.u.s.l.QueryLoggingInstrumentation    : Done initializing graphql query logging.
2021-09-03 13:18:27.494  INFO 25112 --- [nio-8080-exec-2] [Query: 9f0911d2-87eb-4868-ae98-7ecfa2387066] g.c.u.s.l.QueryLoggingInstrumentation    : Selecting fields: [organization.__typename, organization.testingFacility.id, organization.testingFacility.name, organization.testingFacility.__typename]
2021-09-03 13:18:27.511 TRACE 25112 --- [nio-8080-exec-2] [Query: 9f0911d2-87eb-4868-ae98-7ecfa2387066] g.c.u.s.logging.GraphQLLoggingHelpers    : Entered logging instrumentation callback.
2021-09-03 13:18:27.511  INFO 25112 --- [nio-8080-exec-2] [Query: 9f0911d2-87eb-4868-ae98-7ecfa2387066] g.c.u.s.logging.GraphQLLoggingHelpers    : GraphQL execution COMPLETED in 17ms
2021-09-03 13:18:27.519 TRACE 25112 --- [nio-8080-exec-1] [Query: 716ae405-16bd-4f01-a721-d7bd790ab033] g.c.u.s.logging.GraphQLLoggingHelpers    : Entered logging instrumentation callback.
2021-09-03 13:18:27.519  INFO 25112 --- [nio-8080-exec-1] [Query: 716ae405-16bd-4f01-a721-d7bd790ab033] g.c.u.s.logging.GraphQLLoggingHelpers    : GraphQL execution COMPLETED in 28ms
2021-09-03 13:18:27.560 DEBUG 25112 --- [nio-8080-exec-3] [Query: ] g.c.u.s.service.ApiUserService           : User has logged in before: retrieving user record.
2021-09-03 13:18:27.570 DEBUG 25112 --- [nio-8080-exec-3] [Query: ] g.c.u.s.service.ApiUserService           : Retrieving user from request context
2021-09-03 13:18:27.605 DEBUG 25112 --- [nio-8080-exec-3] [Query: ] g.c.u.s.service.ApiUserService           : Retrieving user from request context
2021-09-03 13:18:27.606 TRACE 25112 --- [nio-8080-exec-3] [Query: adfa0b63-2dea-47af-a1ac-acfc95ebed3a] g.c.u.s.l.QueryLoggingInstrumentation    : Done initializing graphql query logging.
2021-09-03 13:18:27.607  INFO 25112 --- [nio-8080-exec-3] [Query: adfa0b63-2dea-47af-a1ac-acfc95ebed3a] g.c.u.s.l.QueryLoggingInstrumentation    : Selecting fields: [user.status, user.id, user.roleDescription, user.middleName, user.lastName, user.organization.testingFacility.name, user.organization.testingFacility.__typename, user.role, user.organization.__typename, user.permissions, user.organization.testingFacility.id, user.email, user.__typename, user.firstName]
2021-09-03 13:18:27.634 TRACE 25112 --- [nio-8080-exec-3] [Query: adfa0b63-2dea-47af-a1ac-acfc95ebed3a] g.c.u.s.logging.GraphQLLoggingHelpers    : Entered logging instrumentation callback.
2021-09-03 13:18:27.634  INFO 25112 --- [nio-8080-exec-3] [Query: adfa0b63-2dea-47af-a1ac-acfc95ebed3a] g.c.u.s.logging.GraphQLLoggingHelpers    : GraphQL execution COMPLETED in 28ms
2021-09-03 13:18:31.301 DEBUG 25112 --- [nio-8080-exec-6] [Query: ] g.c.u.s.service.ApiUserService           : User has logged in before: retrieving user record.
2021-09-03 13:18:31.308 DEBUG 25112 --- [nio-8080-exec-6] [Query: ] g.c.u.s.service.ApiUserService           : Retrieving user from request context
2021-09-03 13:18:31.330 DEBUG 25112 --- [nio-8080-exec-6] [Query: ] g.c.u.s.service.ApiUserService           : Retrieving user from request context
2021-09-03 13:18:31.330 TRACE 25112 --- [nio-8080-exec-6] [Query: bc8bea14-a7ca-4790-8494-f1c8d3662e44] g.c.u.s.l.QueryLoggingInstrumentation    : Done initializing graphql query logging.
2021-09-03 13:18:31.331  INFO 25112 --- [nio-8080-exec-6] [Query: bc8bea14-a7ca-4790-8494-f1c8d3662e44] g.c.u.s.l.QueryLoggingInstrumentation    : Selecting fields: [organization.testingFacility.defaultDeviceType.__typename, organization.testingFacility.state, organization.testingFacility.orderingProvider.city, organization.testingFacility.id, organization.testingFacility.orderingProvider.state, organization.testingFacility.orderingProvider.zipCode, organization.testingFacility.phone, organization.testingFacility.orderingProvider.street, organization.testingFacility.orderingProvider.firstName, organization.testingFacility.cliaNumber, organization.testingFacility.name, organization.testingFacility.orderingProvider.phone, organization.testingFacility.orderingProvider.NPI, organization.testingFacility.__typename, organization.testingFacility.orderingProvider.lastName, organization.testingFacility.orderingProvider.__typename, organization.testingFacility.streetTwo, organization.testingFacility.zipCode, organization.testingFacility.deviceTypes.internalId, organization.testingFacility.orderingProvider.middleName, organization.testingFacility.orderingProvider.suffix, organization.testingFacility.deviceTypes.__typename, organization.testingFacility.orderingProvider.streetTwo, organization.__typename, organization.testingFacility.defaultDeviceType.internalId, organization.testingFacility.email, organization.testingFacility.city, organization.testingFacility.street]
2021-09-03 13:18:31.344 TRACE 25112 --- [nio-8080-exec-6] [Query: bc8bea14-a7ca-4790-8494-f1c8d3662e44] g.c.u.s.logging.GraphQLLoggingHelpers    : Entered logging instrumentation callback.
2021-09-03 13:18:31.344  INFO 25112 --- [nio-8080-exec-6] [Query: bc8bea14-a7ca-4790-8494-f1c8d3662e44] g.c.u.s.logging.GraphQLLoggingHelpers    : GraphQL execution COMPLETED in 14ms
2021-09-03 13:18:31.806 DEBUG 25112 --- [nio-8080-exec-4] [Query: ] g.c.u.s.service.ApiUserService           : User has logged in before: retrieving user record.
2021-09-03 13:18:31.813 DEBUG 25112 --- [nio-8080-exec-4] [Query: ] g.c.u.s.service.ApiUserService           : Retrieving user from request context
2021-09-03 13:18:31.830 DEBUG 25112 --- [nio-8080-exec-4] [Query: ] g.c.u.s.service.ApiUserService           : Retrieving user from request context
2021-09-03 13:18:31.831 TRACE 25112 --- [nio-8080-exec-4] [Query: 1226b2d8-b830-4f36-bc68-1fa525295328] g.c.u.s.l.QueryLoggingInstrumentation    : Done initializing graphql query logging.
2021-09-03 13:18:31.831  INFO 25112 --- [nio-8080-exec-4] [Query: 1226b2d8-b830-4f36-bc68-1fa525295328] g.c.u.s.l.QueryLoggingInstrumentation    : Selecting fields: [organization.__typename, organization.type, organization.name]
2021-09-03 13:18:31.837 TRACE 25112 --- [nio-8080-exec-4] [Query: 1226b2d8-b830-4f36-bc68-1fa525295328] g.c.u.s.logging.GraphQLLoggingHelpers    : Entered logging instrumentation callback.
2021-09-03 13:18:31.837  INFO 25112 --- [nio-8080-exec-4] [Query: 1226b2d8-b830-4f36-bc68-1fa525295328] g.c.u.s.logging.GraphQLLoggingHelpers    : GraphQL execution COMPLETED in 6ms
2021-09-03 13:18:35.915 DEBUG 25112 --- [nio-8080-exec-5] [Query: ] g.c.u.s.service.ApiUserService           : User has logged in before: retrieving user record.
2021-09-03 13:18:35.923 DEBUG 25112 --- [nio-8080-exec-5] [Query: ] g.c.u.s.service.ApiUserService           : Retrieving user from request context
2021-09-03 13:18:35.948 DEBUG 25112 --- [nio-8080-exec-5] [Query: ] g.c.u.s.service.ApiUserService           : Retrieving user from request context
2021-09-03 13:18:35.949 TRACE 25112 --- [nio-8080-exec-5] [Query: c49aaf31-fed2-4522-93c1-51ff126895bf] g.c.u.s.l.QueryLoggingInstrumentation    : Done initializing graphql query logging.
2021-09-03 13:18:35.949  INFO 25112 --- [nio-8080-exec-5] [Query: c49aaf31-fed2-4522-93c1-51ff126895bf] g.c.u.s.l.QueryLoggingInstrumentation    : Selecting fields: [whoami.firstName, whoami.organization.testingFacility.id, whoami.permissions, whoami.suffix, whoami.isAdmin, whoami.organization.name, whoami.organization.testingFacility.name, whoami.middleName, whoami.organization.testingFacility.__typename, whoami.__typename, whoami.lastName, whoami.roleDescription, whoami.organization.__typename, whoami.id, whoami.email]
2021-09-03 13:18:35.950 DEBUG 25112 --- [nio-8080-exec-5] [Query: c49aaf31-fed2-4522-93c1-51ff126895bf] g.c.u.s.service.ApiUserService           : Retrieving user from request context
2021-09-03 13:18:35.957 TRACE 25112 --- [nio-8080-exec-5] [Query: c49aaf31-fed2-4522-93c1-51ff126895bf] g.c.u.s.logging.GraphQLLoggingHelpers    : Entered logging instrumentation callback.
2021-09-03 13:18:35.957  INFO 25112 --- [nio-8080-exec-5] [Query: c49aaf31-fed2-4522-93c1-51ff126895bf] g.c.u.s.logging.GraphQLLoggingHelpers    : GraphQL execution COMPLETED in 8ms
2021-09-03 13:18:37.271 DEBUG 25112 --- [nio-8080-exec-7] [Query: ] g.c.u.s.service.ApiUserService           : User has logged in before: retrieving user record.
2021-09-03 13:18:37.301 DEBUG 25112 --- [nio-8080-exec-7] [Query: ] g.c.u.s.service.ApiUserService           : Retrieving user from request context
2021-09-03 13:18:37.325 DEBUG 25112 --- [nio-8080-exec-7] [Query: ] g.c.u.s.service.ApiUserService           : Retrieving user from request context
2021-09-03 13:18:37.326 TRACE 25112 --- [nio-8080-exec-7] [Query: 47eafd47-eb16-4e5a-949d-b9abf69a476f] g.c.u.s.l.QueryLoggingInstrumentation    : Done initializing graphql query logging.
2021-09-03 13:18:37.327  INFO 25112 --- [nio-8080-exec-7] [Query: 47eafd47-eb16-4e5a-949d-b9abf69a476f] g.c.u.s.l.QueryLoggingInstrumentation    : Selecting fields: [organizations.__typename, organizations.externalId, organizations.name]
2021-09-03 13:18:37.365 TRACE 25112 --- [nio-8080-exec-7] [Query: 47eafd47-eb16-4e5a-949d-b9abf69a476f] g.c.u.s.logging.GraphQLLoggingHelpers    : Entered logging instrumentation callback.
2021-09-03 13:18:37.365  INFO 25112 --- [nio-8080-exec-7] [Query: 47eafd47-eb16-4e5a-949d-b9abf69a476f] g.c.u.s.logging.GraphQLLoggingHelpers    : GraphQL execution COMPLETED in 39ms
2021-09-03 13:18:42.520 DEBUG 25112 --- [nio-8080-exec-8] [Query: ] g.c.u.s.service.ApiUserService           : User has logged in before: retrieving user record.
2021-09-03 13:18:42.525 DEBUG 25112 --- [nio-8080-exec-8] [Query: ] g.c.u.s.service.ApiUserService           : Retrieving user from request context
2021-09-03 13:18:42.542 DEBUG 25112 --- [nio-8080-exec-8] [Query: ] g.c.u.s.service.ApiUserService           : Retrieving user from request context
2021-09-03 13:18:42.543 TRACE 25112 --- [nio-8080-exec-8] [Query: 2b6f1e39-c192-4590-8a77-898e8efa1dab] g.c.u.s.l.QueryLoggingInstrumentation    : Done initializing graphql query logging.
2021-09-03 13:18:42.543  INFO 25112 --- [nio-8080-exec-8] [Query: 2b6f1e39-c192-4590-8a77-898e8efa1dab] g.c.u.s.l.QueryLoggingInstrumentation    : Selecting fields: [setCurrentUserTenantDataAccess.organization.name, setCurrentUserTenantDataAccess.email, setCurrentUserTenantDataAccess.organization.externalId, setCurrentUserTenantDataAccess.id, setCurrentUserTenantDataAccess.__typename, setCurrentUserTenantDataAccess.permissions, setCurrentUserTenantDataAccess.role, setCurrentUserTenantDataAccess.organization.__typename]
2021-09-03 13:18:42.550 DEBUG 25112 --- [nio-8080-exec-8] [Query: 2b6f1e39-c192-4590-8a77-898e8efa1dab] g.c.u.s.service.ApiUserService           : Retrieving user from request context
2021-09-03 13:18:42.557 DEBUG 25112 --- [nio-8080-exec-8] [Query: 2b6f1e39-c192-4590-8a77-898e8efa1dab] g.c.u.s.service.ApiUserService           : Retrieving user from request context
2021-09-03 13:18:42.558 DEBUG 25112 --- [nio-8080-exec-8] [Query: 2b6f1e39-c192-4590-8a77-898e8efa1dab] g.c.u.s.service.ApiUserService           : Retrieving user from request context
2021-09-03 13:18:42.560 DEBUG 25112 --- [nio-8080-exec-8] [Query: 2b6f1e39-c192-4590-8a77-898e8efa1dab] g.c.u.s.service.ApiUserService           : Retrieving user from request context
2021-09-03 13:18:42.570 DEBUG 25112 --- [nio-8080-exec-8] [Query: 2b6f1e39-c192-4590-8a77-898e8efa1dab] g.c.u.s.service.ApiUserService           : Retrieving user from request context
2021-09-03 13:18:42.584 TRACE 25112 --- [nio-8080-exec-8] [Query: 2b6f1e39-c192-4590-8a77-898e8efa1dab] g.c.u.s.logging.GraphQLLoggingHelpers    : Entered logging instrumentation callback.
2021-09-03 13:18:42.584  INFO 25112 --- [nio-8080-exec-8] [Query: 2b6f1e39-c192-4590-8a77-898e8efa1dab] g.c.u.s.logging.GraphQLLoggingHelpers    : GraphQL execution COMPLETED in 41ms
2021-09-03 13:18:42.957 DEBUG 25112 --- [nio-8080-exec-9] [Query: ] g.c.u.s.service.ApiUserService           : User has logged in before: retrieving user record.
2021-09-03 13:18:42.964 DEBUG 25112 --- [nio-8080-exec-9] [Query: ] g.c.u.s.service.ApiUserService           : Retrieving user from request context
2021-09-03 13:18:42.982 DEBUG 25112 --- [nio-8080-exec-9] [Query: ] g.c.u.s.service.ApiUserService           : Retrieving user from request context
2021-09-03 13:18:42.983 TRACE 25112 --- [nio-8080-exec-9] [Query: d2210869-71f0-44f3-8e87-47db05750824] g.c.u.s.l.QueryLoggingInstrumentation    : Done initializing graphql query logging.
2021-09-03 13:18:42.984  INFO 25112 --- [nio-8080-exec-9] [Query: d2210869-71f0-44f3-8e87-47db05750824] g.c.u.s.l.QueryLoggingInstrumentation    : Selecting fields: [whoami.firstName, whoami.organization.testingFacility.id, whoami.permissions, whoami.suffix, whoami.isAdmin, whoami.organization.name, whoami.organization.testingFacility.name, whoami.middleName, whoami.organization.testingFacility.__typename, whoami.__typename, whoami.lastName, whoami.roleDescription, whoami.organization.__typename, whoami.id, whoami.email]
2021-09-03 13:18:42.985 DEBUG 25112 --- [nio-8080-exec-9] [Query: d2210869-71f0-44f3-8e87-47db05750824] g.c.u.s.service.ApiUserService           : Retrieving user from request context
2021-09-03 13:18:42.992 TRACE 25112 --- [nio-8080-exec-9] [Query: d2210869-71f0-44f3-8e87-47db05750824] g.c.u.s.logging.GraphQLLoggingHelpers    : Entered logging instrumentation callback.
2021-09-03 13:18:42.992  INFO 25112 --- [nio-8080-exec-9] [Query: d2210869-71f0-44f3-8e87-47db05750824] g.c.u.s.logging.GraphQLLoggingHelpers    : GraphQL execution COMPLETED in 9ms
